INFO  01:06:53 Application started. Press Ctrl+C to shut down.
INFO  01:06:54 Application started. Press Ctrl+C to shut down.
INFO  01:06:54 Hosting environment: Development
INFO  01:06:54 Hosting environment: Development
INFO  01:06:54 Content root path: C:\Users\Dell\source\repos\Pensioner_Details
INFO  01:06:54 Content root path: C:\Users\Dell\source\repos\Pensioner_Details
INFO  01:07:32 Data is read from CSV file
INFO  01:07:32 Pensioner details invoked by Aadhar Number!
INFO  09:30:22 Application started. Press Ctrl+C to shut down.
INFO  09:30:22 Application started. Press Ctrl+C to shut down.
INFO  09:30:22 Hosting environment: Development
INFO  09:30:22 Hosting environment: Development
INFO  09:30:22 Content root path: C:\Users\Dell\source\repos\Pensioner_Details
INFO  09:30:22 Content root path: C:\Users\Dell\source\repos\Pensioner_Details
INFO  09:31:17 Data is read from CSV file
INFO  09:31:17 Pensioner details invoked by Aadhar Number!
INFO  09:36:41 Application started. Press Ctrl+C to shut down.
INFO  09:36:41 Application started. Press Ctrl+C to shut down.
INFO  09:36:41 Hosting environment: Development
INFO  09:36:41 Hosting environment: Development
INFO  09:36:41 Content root path: C:\Users\Dell\source\repos\Pensioner_Details
INFO  09:36:41 Content root path: C:\Users\Dell\source\repos\Pensioner_Details
INFO  09:39:12 Data is read from CSV file
